[2023-03-28T15:40:29.458] [DEBUG] default - Some debug messages
[2023-03-28T15:40:29.462] [INFO] default - Some info messages
[2023-03-28T15:40:29.463] [WARN] default - Some warning messages
[2023-03-28T15:40:29.463] [ERROR] default - Some error messages
[2023-03-28T15:40:29.464] [FATAL] default - Some fatal messages
[2023-03-28T15:43:25.435] [DEBUG] default - AppErr {
  status: "Can't find /api/v1//player on this server",
  name: "Can't find /api/v1//player on this server",
  statusCode: 404,
  message: 'fail',
  isOperational: true
}
[2023-03-28T15:44:28.929] [DEBUG] default - Some debug messages
[2023-03-28T15:44:28.932] [INFO] default - Some info messages
[2023-03-28T15:44:28.932] [WARN] default - Some warning messages
[2023-03-28T15:44:28.932] [ERROR] default - Some error messages
[2023-03-28T15:44:28.933] [FATAL] default - Some fatal messages
[2023-03-28T15:44:36.207] [DEBUG] default - AppErr {
  name: "Can't find /api/v1//player on this server",
  statusCode: 404,
  message: 'fail',
  isOperational: true
}
[2023-03-28T15:45:14.866] [DEBUG] default - Error: Player validation failed: email: A player must have a email
    at ValidationError.inspect (C:\Users\Morten\Documents\GitHub\Typescript semester project\tournafy backend\node_modules\mongoose\lib\error\validation.js:50:26)
    at formatValue (node:internal/util/inspect:790:19)
    at inspect (node:internal/util/inspect:350:10)
    at formatWithOptionsInternal (node:internal/util/inspect:2241:40)
    at Object.format (node:internal/util/inspect:2098:10)
    at basicLayout (C:\Users\Morten\Documents\GitHub\Typescript semester project\tournafy backend\node_modules\log4js\lib\layouts.js:65:52)
    at app (C:\Users\Morten\Documents\GitHub\Typescript semester project\tournafy backend\node_modules\log4js\lib\appenders\file.js:98:23)
    at C:\Users\Morten\Documents\GitHub\Typescript semester project\tournafy backend\node_modules\log4js\lib\log4js.js:43:5
    at Array.forEach (<anonymous>)
    at sendLogEventToAppender (C:\Users\Morten\Documents\GitHub\Typescript semester project\tournafy backend\node_modules\log4js\lib\log4js.js:42:21) {
  errors: {
    email: ValidatorError: A player must have a email
        at validate (C:\Users\Morten\Documents\GitHub\Typescript semester project\tournafy backend\node_modules\mongoose\lib\schematype.js:1347:13)
        at SchemaString.SchemaType.doValidate (C:\Users\Morten\Documents\GitHub\Typescript semester project\tournafy backend\node_modules\mongoose\lib\schematype.js:1331:7)
        at C:\Users\Morten\Documents\GitHub\Typescript semester project\tournafy backend\node_modules\mongoose\lib\document.js:2865:18
        at processTicksAndRejections (node:internal/process/task_queues:78:11) {
      properties: [Object],
      kind: 'required',
      path: 'email',
      value: undefined,
      reason: undefined,
      [Symbol(mongoose:validatorError)]: true
    }
  },
  _message: 'Player validation failed'
}
[2023-03-28T15:46:06.631] [DEBUG] default - Some debug messages
[2023-03-28T15:46:06.633] [INFO] default - Some info messages
[2023-03-28T15:46:06.634] [WARN] default - Some warning messages
[2023-03-28T15:46:06.634] [ERROR] default - Some error messages
[2023-03-28T15:46:06.635] [FATAL] default - Some fatal messages
[2023-03-28T15:46:10.545] [DEBUG] default - Some debug messages
[2023-03-28T15:46:10.548] [INFO] default - Some info messages
[2023-03-28T15:46:10.548] [WARN] default - Some warning messages
[2023-03-28T15:46:10.548] [ERROR] default - Some error messages
[2023-03-28T15:46:10.549] [FATAL] default - Some fatal messages
[2023-03-28T15:46:14.048] [DEBUG] default - Error: Player validation failed: email: A player must have a email
    at ValidationError.inspect (C:\Users\Morten\Documents\GitHub\Typescript semester project\tournafy backend\node_modules\mongoose\lib\error\validation.js:50:26)
    at formatValue (node:internal/util/inspect:790:19)
    at inspect (node:internal/util/inspect:350:10)
    at formatWithOptionsInternal (node:internal/util/inspect:2241:40)
    at Object.format (node:internal/util/inspect:2098:10)
    at basicLayout (C:\Users\Morten\Documents\GitHub\Typescript semester project\tournafy backend\node_modules\log4js\lib\layouts.js:65:52)
    at app (C:\Users\Morten\Documents\GitHub\Typescript semester project\tournafy backend\node_modules\log4js\lib\appenders\file.js:98:23)
    at C:\Users\Morten\Documents\GitHub\Typescript semester project\tournafy backend\node_modules\log4js\lib\log4js.js:43:5
    at Array.forEach (<anonymous>)
    at sendLogEventToAppender (C:\Users\Morten\Documents\GitHub\Typescript semester project\tournafy backend\node_modules\log4js\lib\log4js.js:42:21) {
  errors: {
    email: ValidatorError: A player must have a email
        at validate (C:\Users\Morten\Documents\GitHub\Typescript semester project\tournafy backend\node_modules\mongoose\lib\schematype.js:1347:13)
        at SchemaString.SchemaType.doValidate (C:\Users\Morten\Documents\GitHub\Typescript semester project\tournafy backend\node_modules\mongoose\lib\schematype.js:1331:7)
        at C:\Users\Morten\Documents\GitHub\Typescript semester project\tournafy backend\node_modules\mongoose\lib\document.js:2865:18
        at processTicksAndRejections (node:internal/process/task_queues:78:11) {
      properties: [Object],
      kind: 'required',
      path: 'email',
      value: undefined,
      reason: undefined,
      [Symbol(mongoose:validatorError)]: true
    }
  },
  _message: 'Player validation failed'
}
[2023-03-28T15:46:52.124] [DEBUG] default - Some debug messages
[2023-03-28T15:46:52.126] [INFO] default - Some info messages
[2023-03-28T15:46:52.127] [WARN] default - Some warning messages
[2023-03-28T15:46:52.127] [ERROR] default - Some error messages
[2023-03-28T15:46:52.127] [FATAL] default - Some fatal messages
[2023-03-28T15:46:55.847] [ERROR] default - Error: Player validation failed: email: A player must have a email
    at ValidationError.inspect (C:\Users\Morten\Documents\GitHub\Typescript semester project\tournafy backend\node_modules\mongoose\lib\error\validation.js:50:26)
    at formatValue (node:internal/util/inspect:790:19)
    at inspect (node:internal/util/inspect:350:10)
    at formatWithOptionsInternal (node:internal/util/inspect:2241:40)
    at Object.format (node:internal/util/inspect:2098:10)
    at basicLayout (C:\Users\Morten\Documents\GitHub\Typescript semester project\tournafy backend\node_modules\log4js\lib\layouts.js:65:52)
    at app (C:\Users\Morten\Documents\GitHub\Typescript semester project\tournafy backend\node_modules\log4js\lib\appenders\file.js:98:23)
    at C:\Users\Morten\Documents\GitHub\Typescript semester project\tournafy backend\node_modules\log4js\lib\log4js.js:43:5
    at Array.forEach (<anonymous>)
    at sendLogEventToAppender (C:\Users\Morten\Documents\GitHub\Typescript semester project\tournafy backend\node_modules\log4js\lib\log4js.js:42:21) {
  errors: {
    email: ValidatorError: A player must have a email
        at validate (C:\Users\Morten\Documents\GitHub\Typescript semester project\tournafy backend\node_modules\mongoose\lib\schematype.js:1347:13)
        at SchemaString.SchemaType.doValidate (C:\Users\Morten\Documents\GitHub\Typescript semester project\tournafy backend\node_modules\mongoose\lib\schematype.js:1331:7)
        at C:\Users\Morten\Documents\GitHub\Typescript semester project\tournafy backend\node_modules\mongoose\lib\document.js:2865:18
        at processTicksAndRejections (node:internal/process/task_queues:78:11) {
      properties: [Object],
      kind: 'required',
      path: 'email',
      value: undefined,
      reason: undefined,
      [Symbol(mongoose:validatorError)]: true
    }
  },
  _message: 'Player validation failed'
}
[2023-03-28T15:50:16.451] [DEBUG] default - Some debug messages
[2023-03-28T15:50:16.453] [INFO] default - Some info messages
[2023-03-28T15:50:16.454] [WARN] default - Some warning messages
[2023-03-28T15:50:16.454] [ERROR] default - Some error messages
[2023-03-28T15:50:16.454] [FATAL] default - Some fatal messages
[2023-04-06T11:21:58.682] [DEBUG] default - Some debug messages
[2023-04-06T11:21:58.685] [INFO] default - Some info messages
[2023-04-06T11:21:58.685] [WARN] default - Some warning messages
[2023-04-06T11:21:58.685] [ERROR] default - Some error messages
[2023-04-06T11:21:58.685] [FATAL] default - Some fatal messages
[2023-04-06T11:22:05.355] [ERROR] default - AppErr {
  name: "Can't find / on this server",
  statusCode: 404,
  message: 'fail',
  isOperational: true
}
[2023-04-06T11:22:05.405] [ERROR] default - AppErr {
  name: "Can't find /favicon.ico on this server",
  statusCode: 404,
  message: 'fail',
  isOperational: true
}
[2023-04-10T14:20:06.728] [DEBUG] default - Some debug messages
[2023-04-10T14:20:06.731] [INFO] default - Some info messages
[2023-04-10T14:20:06.731] [WARN] default - Some warning messages
[2023-04-10T14:20:06.732] [ERROR] default - Some error messages
[2023-04-10T14:20:06.732] [FATAL] default - Some fatal messages
[2023-04-10T14:20:10.258] [ERROR] default - AppErr {
  name: "Can't find / on this server",
  statusCode: 404,
  message: 'fail',
  isOperational: true
}
[2023-04-10T14:25:11.583] [DEBUG] default - Some debug messages
[2023-04-10T14:25:11.585] [INFO] default - Some info messages
[2023-04-10T14:25:11.586] [WARN] default - Some warning messages
[2023-04-10T14:25:11.586] [ERROR] default - Some error messages
[2023-04-10T14:25:11.587] [FATAL] default - Some fatal messages
[2023-04-10T14:25:22.752] [DEBUG] default - Some debug messages
[2023-04-10T14:25:22.755] [INFO] default - Some info messages
[2023-04-10T14:25:22.755] [WARN] default - Some warning messages
[2023-04-10T14:25:22.755] [ERROR] default - Some error messages
[2023-04-10T14:25:22.756] [FATAL] default - Some fatal messages
[2023-04-10T14:25:31.976] [DEBUG] default - Some debug messages
[2023-04-10T14:25:31.979] [INFO] default - Some info messages
[2023-04-10T14:25:31.979] [WARN] default - Some warning messages
[2023-04-10T14:25:31.980] [ERROR] default - Some error messages
[2023-04-10T14:25:31.980] [FATAL] default - Some fatal messages
[2023-04-10T14:26:30.187] [ERROR] default - AppErr {
  name: "Can't find /team on this server",
  statusCode: 404,
  message: 'fail',
  isOperational: true
}
[2023-04-10T14:29:04.454] [DEBUG] default - Some debug messages
[2023-04-10T14:29:04.457] [INFO] default - Some info messages
[2023-04-10T14:29:04.457] [WARN] default - Some warning messages
[2023-04-10T14:29:04.458] [ERROR] default - Some error messages
[2023-04-10T14:29:04.458] [FATAL] default - Some fatal messages
[2023-04-10T14:29:32.218] [DEBUG] default - Some debug messages
[2023-04-10T14:29:32.220] [INFO] default - Some info messages
[2023-04-10T14:29:32.221] [WARN] default - Some warning messages
[2023-04-10T14:29:32.221] [ERROR] default - Some error messages
[2023-04-10T14:29:32.222] [FATAL] default - Some fatal messages
[2023-04-10T14:30:20.043] [DEBUG] default - Some debug messages
[2023-04-10T14:30:20.045] [INFO] default - Some info messages
[2023-04-10T14:30:20.045] [WARN] default - Some warning messages
[2023-04-10T14:30:20.046] [ERROR] default - Some error messages
[2023-04-10T14:30:20.046] [FATAL] default - Some fatal messages
[2023-04-10T14:35:23.526] [DEBUG] default - Some debug messages
[2023-04-10T14:35:23.528] [INFO] default - Some info messages
[2023-04-10T14:35:23.529] [WARN] default - Some warning messages
[2023-04-10T14:35:23.529] [ERROR] default - Some error messages
[2023-04-10T14:35:23.530] [FATAL] default - Some fatal messages
[2023-04-10T14:36:41.990] [DEBUG] default - Some debug messages
[2023-04-10T14:36:41.992] [INFO] default - Some info messages
[2023-04-10T14:36:41.993] [WARN] default - Some warning messages
[2023-04-10T14:36:41.993] [ERROR] default - Some error messages
[2023-04-10T14:36:41.994] [FATAL] default - Some fatal messages
[2023-04-10T14:42:41.250] [DEBUG] default - Some debug messages
[2023-04-10T14:42:41.253] [INFO] default - Some info messages
[2023-04-10T14:42:41.253] [WARN] default - Some warning messages
[2023-04-10T14:42:41.254] [ERROR] default - Some error messages
[2023-04-10T14:42:41.254] [FATAL] default - Some fatal messages
[2023-04-10T14:42:55.316] [DEBUG] default - Some debug messages
[2023-04-10T14:42:55.320] [INFO] default - Some info messages
[2023-04-10T14:42:55.320] [WARN] default - Some warning messages
[2023-04-10T14:42:55.321] [ERROR] default - Some error messages
[2023-04-10T14:42:55.321] [FATAL] default - Some fatal messages
[2023-04-10T14:43:02.667] [DEBUG] default - Some debug messages
[2023-04-10T14:43:02.669] [INFO] default - Some info messages
[2023-04-10T14:43:02.670] [WARN] default - Some warning messages
[2023-04-10T14:43:02.670] [ERROR] default - Some error messages
[2023-04-10T14:43:02.671] [FATAL] default - Some fatal messages
[2023-04-10T14:43:48.965] [ERROR] default - AppErr {
  name: "Can't find /api/v1/function()%20%7B%20%20%20%20[native%20code]%7D on this server",
  statusCode: 404,
  message: 'fail',
  isOperational: true
}
[2023-04-10T14:46:22.698] [DEBUG] default - Some debug messages
[2023-04-10T14:46:22.700] [INFO] default - Some info messages
[2023-04-10T14:46:22.700] [WARN] default - Some warning messages
[2023-04-10T14:46:22.701] [ERROR] default - Some error messages
[2023-04-10T14:46:22.701] [FATAL] default - Some fatal messages
[2023-04-10T15:28:26.093] [DEBUG] default - Some debug messages
[2023-04-10T15:28:26.097] [INFO] default - Some info messages
[2023-04-10T15:28:26.097] [WARN] default - Some warning messages
[2023-04-10T15:28:26.098] [ERROR] default - Some error messages
[2023-04-10T15:28:26.098] [FATAL] default - Some fatal messages
